2024-11-09T04:36:53+00:00 CRITICAL Uncaught Error: Call to undefined function woocommerce_checkout_fields() in C:\xampp\htdocs\wordpress-project\wordpress\wp-content\themes\Storefront-child\woocommerce\checkout\form-checkout.php:77
Stack trace:
#0 C:\xampp\htdocs\wordpress-project\wordpress\wp-content\plugins\woocommerce\includes\wc-core-functions.php(345): include()
#1 C:\xampp\htdocs\wordpress-project\wordpress\wp-content\plugins\woocommerce\includes\shortcodes\class-wc-shortcode-checkout.php(361): wc_get_template('checkout/form-c...', Array)
#2 C:\xampp\htdocs\wordpress-project\wordpress\wp-content\plugins\woocommerce\includes\shortcodes\class-wc-shortcode-checkout.php(67): WC_Shortcode_Checkout::checkout()
#3 C:\xampp\htdocs\wordpress-project\wordpress\wp-content\plugins\woocommerce\includes\class-wc-shortcodes.php(72): WC_Shortcode_Checkout::output(Array)
#4 C:\xampp\htdocs\wordpress-project\wordpress\wp-content\plugins\woocommerce\includes\class-wc-shortcodes.php(95): WC_Shortcodes::shortcode_wrapper(Array, Array)
#5 C:\xampp\htdocs\wordpress-project\wordpress\wp-includes\shortcodes.php(434): WC_Shortcodes::checkout(Array, '', 'woocommerce_che...')
#6 [internal function]: do_shortcode_tag(Array)
#7 C:\xampp\htdocs\wordpress-project\wordpress\wp-includes\shortcodes.php(273): preg_replace_callback('/\\[(\\[?)(woocom...', 'do_shortcode_ta...', '[woocommerce_ch...')
#8 C:\xampp\htdocs\wordpress-project\wordpress\wp-includes\class-wp-hook.php(324): do_shortcode('[woocommerce_ch...')
#9 C:\xampp\htdocs\wordpress-project\wordpress\wp-includes\plugin.php(205): WP_Hook->apply_filters('[woocommerce_ch...', Array)
#10 C:\xampp\htdocs\wordpress-project\wordpress\wp-includes\post-template.php(256): apply_filters('the_content', '<!-- wp:shortco...')
#11 C:\xampp\htdocs\wordpress-project\wordpress\wp-content\themes\storefront\inc\storefront-template-functions.php(352): the_content()
#12 C:\xampp\htdocs\wordpress-project\wordpress\wp-includes\class-wp-hook.php(324): storefront_page_content('')
#13 C:\xampp\htdocs\wordpress-project\wordpress\wp-includes\class-wp-hook.php(348): WP_Hook->apply_filters(NULL, Array)
#14 C:\xampp\htdocs\wordpress-project\wordpress\wp-includes\plugin.php(517): WP_Hook->do_action(Array)
#15 C:\xampp\htdocs\wordpress-project\wordpress\wp-content\themes\storefront\content-page.php(18): do_action('storefront_page')
#16 C:\xampp\htdocs\wordpress-project\wordpress\wp-includes\template.php(812): require('C:\\xampp\\htdocs...')
#17 C:\xampp\htdocs\wordpress-project\wordpress\wp-includes\template.php(745): load_template('C:\\xampp\\htdocs...', false, Array)
#18 C:\xampp\htdocs\wordpress-project\wordpress\wp-includes\general-template.php(206): locate_template(Array, true, false, Array)
#19 C:\xampp\htdocs\wordpress-project\wordpress\wp-content\themes\storefront\page.php(24): get_template_part('content', 'page')
#20 C:\xampp\htdocs\wordpress-project\wordpress\wp-includes\template-loader.php(106): include('C:\\xampp\\htdocs...')
#21 C:\xampp\htdocs\wordpress-project\wordpress\wp-blog-header.php(19): require_once('C:\\xampp\\htdocs...')
#22 C:\xampp\htdocs\wordpress-project\wordpress\index.php(17): require('C:\\xampp\\htdocs...')
#23 {main}
  thrown in C:\xampp\htdocs\wordpress-project\wordpress\wp-content\themes\Storefront-child\woocommerce\checkout\form-checkout.php on line 77

2024-11-09T04:37:40+00:00 CRITICAL Uncaught Error: Call to undefined function woocommerce_checkout_fields() in C:\xampp\htdocs\wordpress-project\wordpress\wp-content\themes\Storefront-child\woocommerce\checkout\form-checkout.php:74
Stack trace:
#0 C:\xampp\htdocs\wordpress-project\wordpress\wp-content\plugins\woocommerce\includes\wc-core-functions.php(345): include()
#1 C:\xampp\htdocs\wordpress-project\wordpress\wp-content\plugins\woocommerce\includes\shortcodes\class-wc-shortcode-checkout.php(361): wc_get_template('checkout/form-c...', Array)
#2 C:\xampp\htdocs\wordpress-project\wordpress\wp-content\plugins\woocommerce\includes\shortcodes\class-wc-shortcode-checkout.php(67): WC_Shortcode_Checkout::checkout()
#3 C:\xampp\htdocs\wordpress-project\wordpress\wp-content\plugins\woocommerce\includes\class-wc-shortcodes.php(72): WC_Shortcode_Checkout::output(Array)
#4 C:\xampp\htdocs\wordpress-project\wordpress\wp-content\plugins\woocommerce\includes\class-wc-shortcodes.php(95): WC_Shortcodes::shortcode_wrapper(Array, Array)
#5 C:\xampp\htdocs\wordpress-project\wordpress\wp-includes\shortcodes.php(434): WC_Shortcodes::checkout(Array, '', 'woocommerce_che...')
#6 [internal function]: do_shortcode_tag(Array)
#7 C:\xampp\htdocs\wordpress-project\wordpress\wp-includes\shortcodes.php(273): preg_replace_callback('/\\[(\\[?)(woocom...', 'do_shortcode_ta...', '[woocommerce_ch...')
#8 C:\xampp\htdocs\wordpress-project\wordpress\wp-includes\class-wp-hook.php(324): do_shortcode('[woocommerce_ch...')
#9 C:\xampp\htdocs\wordpress-project\wordpress\wp-includes\plugin.php(205): WP_Hook->apply_filters('[woocommerce_ch...', Array)
#10 C:\xampp\htdocs\wordpress-project\wordpress\wp-includes\post-template.php(256): apply_filters('the_content', '<!-- wp:shortco...')
#11 C:\xampp\htdocs\wordpress-project\wordpress\wp-content\themes\storefront\inc\storefront-template-functions.php(352): the_content()
#12 C:\xampp\htdocs\wordpress-project\wordpress\wp-includes\class-wp-hook.php(324): storefront_page_content('')
#13 C:\xampp\htdocs\wordpress-project\wordpress\wp-includes\class-wp-hook.php(348): WP_Hook->apply_filters(NULL, Array)
#14 C:\xampp\htdocs\wordpress-project\wordpress\wp-includes\plugin.php(517): WP_Hook->do_action(Array)
#15 C:\xampp\htdocs\wordpress-project\wordpress\wp-content\themes\storefront\content-page.php(18): do_action('storefront_page')
#16 C:\xampp\htdocs\wordpress-project\wordpress\wp-includes\template.php(812): require('C:\\xampp\\htdocs...')
#17 C:\xampp\htdocs\wordpress-project\wordpress\wp-includes\template.php(745): load_template('C:\\xampp\\htdocs...', false, Array)
#18 C:\xampp\htdocs\wordpress-project\wordpress\wp-includes\general-template.php(206): locate_template(Array, true, false, Array)
#19 C:\xampp\htdocs\wordpress-project\wordpress\wp-content\themes\storefront\page.php(24): get_template_part('content', 'page')
#20 C:\xampp\htdocs\wordpress-project\wordpress\wp-includes\template-loader.php(106): include('C:\\xampp\\htdocs...')
#21 C:\xampp\htdocs\wordpress-project\wordpress\wp-blog-header.php(19): require_once('C:\\xampp\\htdocs...')
#22 C:\xampp\htdocs\wordpress-project\wordpress\index.php(17): require('C:\\xampp\\htdocs...')
#23 {main}
  thrown in C:\xampp\htdocs\wordpress-project\wordpress\wp-content\themes\Storefront-child\woocommerce\checkout\form-checkout.php on line 74

2024-11-09T04:38:51+00:00 CRITICAL Uncaught Error: Call to undefined function woocommerce_checkout_fields() in C:\xampp\htdocs\wordpress-project\wordpress\wp-content\themes\Storefront-child\woocommerce\checkout\form-checkout.php:18
Stack trace:
#0 C:\xampp\htdocs\wordpress-project\wordpress\wp-content\plugins\woocommerce\includes\wc-core-functions.php(345): include()
#1 C:\xampp\htdocs\wordpress-project\wordpress\wp-content\plugins\woocommerce\includes\shortcodes\class-wc-shortcode-checkout.php(361): wc_get_template('checkout/form-c...', Array)
#2 C:\xampp\htdocs\wordpress-project\wordpress\wp-content\plugins\woocommerce\includes\shortcodes\class-wc-shortcode-checkout.php(67): WC_Shortcode_Checkout::checkout()
#3 C:\xampp\htdocs\wordpress-project\wordpress\wp-content\plugins\woocommerce\includes\class-wc-shortcodes.php(72): WC_Shortcode_Checkout::output(Array)
#4 C:\xampp\htdocs\wordpress-project\wordpress\wp-content\plugins\woocommerce\includes\class-wc-shortcodes.php(95): WC_Shortcodes::shortcode_wrapper(Array, Array)
#5 C:\xampp\htdocs\wordpress-project\wordpress\wp-includes\shortcodes.php(434): WC_Shortcodes::checkout(Array, '', 'woocommerce_che...')
#6 [internal function]: do_shortcode_tag(Array)
#7 C:\xampp\htdocs\wordpress-project\wordpress\wp-includes\shortcodes.php(273): preg_replace_callback('/\\[(\\[?)(woocom...', 'do_shortcode_ta...', '[woocommerce_ch...')
#8 C:\xampp\htdocs\wordpress-project\wordpress\wp-includes\class-wp-hook.php(324): do_shortcode('[woocommerce_ch...')
#9 C:\xampp\htdocs\wordpress-project\wordpress\wp-includes\plugin.php(205): WP_Hook->apply_filters('[woocommerce_ch...', Array)
#10 C:\xampp\htdocs\wordpress-project\wordpress\wp-includes\post-template.php(256): apply_filters('the_content', '<!-- wp:shortco...')
#11 C:\xampp\htdocs\wordpress-project\wordpress\wp-content\themes\storefront\inc\storefront-template-functions.php(352): the_content()
#12 C:\xampp\htdocs\wordpress-project\wordpress\wp-includes\class-wp-hook.php(324): storefront_page_content('')
#13 C:\xampp\htdocs\wordpress-project\wordpress\wp-includes\class-wp-hook.php(348): WP_Hook->apply_filters(NULL, Array)
#14 C:\xampp\htdocs\wordpress-project\wordpress\wp-includes\plugin.php(517): WP_Hook->do_action(Array)
#15 C:\xampp\htdocs\wordpress-project\wordpress\wp-content\themes\storefront\content-page.php(18): do_action('storefront_page')
#16 C:\xampp\htdocs\wordpress-project\wordpress\wp-includes\template.php(812): require('C:\\xampp\\htdocs...')
#17 C:\xampp\htdocs\wordpress-project\wordpress\wp-includes\template.php(745): load_template('C:\\xampp\\htdocs...', false, Array)
#18 C:\xampp\htdocs\wordpress-project\wordpress\wp-includes\general-template.php(206): locate_template(Array, true, false, Array)
#19 C:\xampp\htdocs\wordpress-project\wordpress\wp-content\themes\storefront\page.php(24): get_template_part('content', 'page')
#20 C:\xampp\htdocs\wordpress-project\wordpress\wp-includes\template-loader.php(106): include('C:\\xampp\\htdocs...')
#21 C:\xampp\htdocs\wordpress-project\wordpress\wp-blog-header.php(19): require_once('C:\\xampp\\htdocs...')
#22 C:\xampp\htdocs\wordpress-project\wordpress\index.php(17): require('C:\\xampp\\htdocs...')
#23 {main}
  thrown in C:\xampp\htdocs\wordpress-project\wordpress\wp-content\themes\Storefront-child\woocommerce\checkout\form-checkout.php on line 18

2024-11-09T04:43:26+00:00 CRITICAL Uncaught Error: Call to undefined function woocommerce_checkout_fields() in C:\xampp\htdocs\wordpress-project\wordpress\wp-content\themes\Storefront-child\woocommerce\checkout\form-checkout.php:18
Stack trace:
#0 C:\xampp\htdocs\wordpress-project\wordpress\wp-content\plugins\woocommerce\includes\wc-core-functions.php(345): include()
#1 C:\xampp\htdocs\wordpress-project\wordpress\wp-content\plugins\woocommerce\includes\shortcodes\class-wc-shortcode-checkout.php(361): wc_get_template('checkout/form-c...', Array)
#2 C:\xampp\htdocs\wordpress-project\wordpress\wp-content\plugins\woocommerce\includes\shortcodes\class-wc-shortcode-checkout.php(67): WC_Shortcode_Checkout::checkout()
#3 C:\xampp\htdocs\wordpress-project\wordpress\wp-content\plugins\woocommerce\includes\class-wc-shortcodes.php(72): WC_Shortcode_Checkout::output(Array)
#4 C:\xampp\htdocs\wordpress-project\wordpress\wp-content\plugins\woocommerce\includes\class-wc-shortcodes.php(95): WC_Shortcodes::shortcode_wrapper(Array, Array)
#5 C:\xampp\htdocs\wordpress-project\wordpress\wp-includes\shortcodes.php(434): WC_Shortcodes::checkout(Array, '', 'woocommerce_che...')
#6 [internal function]: do_shortcode_tag(Array)
#7 C:\xampp\htdocs\wordpress-project\wordpress\wp-includes\shortcodes.php(273): preg_replace_callback('/\\[(\\[?)(woocom...', 'do_shortcode_ta...', '[woocommerce_ch...')
#8 C:\xampp\htdocs\wordpress-project\wordpress\wp-includes\class-wp-hook.php(324): do_shortcode('[woocommerce_ch...')
#9 C:\xampp\htdocs\wordpress-project\wordpress\wp-includes\plugin.php(205): WP_Hook->apply_filters('[woocommerce_ch...', Array)
#10 C:\xampp\htdocs\wordpress-project\wordpress\wp-includes\post-template.php(256): apply_filters('the_content', '<!-- wp:shortco...')
#11 C:\xampp\htdocs\wordpress-project\wordpress\wp-content\themes\storefront\inc\storefront-template-functions.php(352): the_content()
#12 C:\xampp\htdocs\wordpress-project\wordpress\wp-includes\class-wp-hook.php(324): storefront_page_content('')
#13 C:\xampp\htdocs\wordpress-project\wordpress\wp-includes\class-wp-hook.php(348): WP_Hook->apply_filters(NULL, Array)
#14 C:\xampp\htdocs\wordpress-project\wordpress\wp-includes\plugin.php(517): WP_Hook->do_action(Array)
#15 C:\xampp\htdocs\wordpress-project\wordpress\wp-content\themes\storefront\content-page.php(18): do_action('storefront_page')
#16 C:\xampp\htdocs\wordpress-project\wordpress\wp-includes\template.php(812): require('C:\\xampp\\htdocs...')
#17 C:\xampp\htdocs\wordpress-project\wordpress\wp-includes\template.php(745): load_template('C:\\xampp\\htdocs...', false, Array)
#18 C:\xampp\htdocs\wordpress-project\wordpress\wp-includes\general-template.php(206): locate_template(Array, true, false, Array)
#19 C:\xampp\htdocs\wordpress-project\wordpress\wp-content\themes\storefront\page.php(24): get_template_part('content', 'page')
#20 C:\xampp\htdocs\wordpress-project\wordpress\wp-includes\template-loader.php(106): include('C:\\xampp\\htdocs...')
#21 C:\xampp\htdocs\wordpress-project\wordpress\wp-blog-header.php(19): require_once('C:\\xampp\\htdocs...')
#22 C:\xampp\htdocs\wordpress-project\wordpress\index.php(17): require('C:\\xampp\\htdocs...')
#23 {main}
  thrown in C:\xampp\htdocs\wordpress-project\wordpress\wp-content\themes\Storefront-child\woocommerce\checkout\form-checkout.php on line 18

2024-11-09T06:20:30+00:00 CRITICAL Uncaught ArgumentCountError: Too few arguments to function ts_checkout_item_quantity_input(), 1 passed in C:\xampp\htdocs\wordpress-project\wordpress\wp-includes\class-wp-hook.php on line 324 and exactly 3 expected in C:\xampp\htdocs\wordpress-project\wordpress\wp-content\themes\Storefront-child\functions.php:100
Stack trace:
#0 C:\xampp\htdocs\wordpress-project\wordpress\wp-includes\class-wp-hook.php(324): ts_checkout_item_quantity_input('')
#1 C:\xampp\htdocs\wordpress-project\wordpress\wp-includes\class-wp-hook.php(348): WP_Hook->apply_filters(NULL, Array)
#2 C:\xampp\htdocs\wordpress-project\wordpress\wp-includes\plugin.php(517): WP_Hook->do_action(Array)
#3 C:\xampp\htdocs\wordpress-project\wordpress\wp-content\themes\Storefront-child\woocommerce\checkout\form-checkout.php(61): do_action('woocommerce_che...')
#4 C:\xampp\htdocs\wordpress-project\wordpress\wp-content\plugins\woocommerce\includes\wc-core-functions.php(345): include('C:\\xampp\\htdocs...')
#5 C:\xampp\htdocs\wordpress-project\wordpress\wp-content\plugins\woocommerce\includes\shortcodes\class-wc-shortcode-checkout.php(361): wc_get_template('checkout/form-c...', Array)
#6 C:\xampp\htdocs\wordpress-project\wordpress\wp-content\plugins\woocommerce\includes\shortcodes\class-wc-shortcode-checkout.php(67): WC_Shortcode_Checkout::checkout()
#7 C:\xampp\htdocs\wordpress-project\wordpress\wp-content\plugins\woocommerce\includes\class-wc-shortcodes.php(72): WC_Shortcode_Checkout::output(Array)
#8 C:\xampp\htdocs\wordpress-project\wordpress\wp-content\plugins\woocommerce\includes\class-wc-shortcodes.php(95): WC_Shortcodes::shortcode_wrapper(Array, Array)
#9 C:\xampp\htdocs\wordpress-project\wordpress\wp-includes\shortcodes.php(434): WC_Shortcodes::checkout(Array, '', 'woocommerce_che...')
#10 [internal function]: do_shortcode_tag(Array)
#11 C:\xampp\htdocs\wordpress-project\wordpress\wp-includes\shortcodes.php(273): preg_replace_callback('/\\[(\\[?)(woocom...', 'do_shortcode_ta...', '[woocommerce_ch...')
#12 C:\xampp\htdocs\wordpress-project\wordpress\wp-includes\class-wp-hook.php(324): do_shortcode('[woocommerce_ch...')
#13 C:\xampp\htdocs\wordpress-project\wordpress\wp-includes\plugin.php(205): WP_Hook->apply_filters('[woocommerce_ch...', Array)
#14 C:\xampp\htdocs\wordpress-project\wordpress\wp-includes\post-template.php(256): apply_filters('the_content', '<!-- wp:shortco...')
#15 C:\xampp\htdocs\wordpress-project\wordpress\wp-content\themes\storefront\inc\storefront-template-functions.php(352): the_content()
#16 C:\xampp\htdocs\wordpress-project\wordpress\wp-includes\class-wp-hook.php(324): storefront_page_content('')
#17 C:\xampp\htdocs\wordpress-project\wordpress\wp-includes\class-wp-hook.php(348): WP_Hook->apply_filters(NULL, Array)
#18 C:\xampp\htdocs\wordpress-project\wordpress\wp-includes\plugin.php(517): WP_Hook->do_action(Array)
#19 C:\xampp\htdocs\wordpress-project\wordpress\wp-content\themes\storefront\content-page.php(18): do_action('storefront_page')
#20 C:\xampp\htdocs\wordpress-project\wordpress\wp-includes\template.php(812): require('C:\\xampp\\htdocs...')
#21 C:\xampp\htdocs\wordpress-project\wordpress\wp-includes\template.php(745): load_template('C:\\xampp\\htdocs...', false, Array)
#22 C:\xampp\htdocs\wordpress-project\wordpress\wp-includes\general-template.php(206): locate_template(Array, true, false, Array)
#23 C:\xampp\htdocs\wordpress-project\wordpress\wp-content\themes\storefront\page.php(24): get_template_part('content', 'page')
#24 C:\xampp\htdocs\wordpress-project\wordpress\wp-includes\template-loader.php(106): include('C:\\xampp\\htdocs...')
#25 C:\xampp\htdocs\wordpress-project\wordpress\wp-blog-header.php(19): require_once('C:\\xampp\\htdocs...')
#26 C:\xampp\htdocs\wordpress-project\wordpress\index.php(17): require('C:\\xampp\\htdocs...')
#27 {main}
  thrown in C:\xampp\htdocs\wordpress-project\wordpress\wp-content\themes\Storefront-child\functions.php on line 100

2024-11-09T06:20:47+00:00 CRITICAL Uncaught ArgumentCountError: Too few arguments to function ts_checkout_item_quantity_input(), 1 passed in C:\xampp\htdocs\wordpress-project\wordpress\wp-includes\class-wp-hook.php on line 324 and exactly 3 expected in C:\xampp\htdocs\wordpress-project\wordpress\wp-content\themes\Storefront-child\functions.php:100
Stack trace:
#0 C:\xampp\htdocs\wordpress-project\wordpress\wp-includes\class-wp-hook.php(324): ts_checkout_item_quantity_input('')
#1 C:\xampp\htdocs\wordpress-project\wordpress\wp-includes\class-wp-hook.php(348): WP_Hook->apply_filters(NULL, Array)
#2 C:\xampp\htdocs\wordpress-project\wordpress\wp-includes\plugin.php(517): WP_Hook->do_action(Array)
#3 C:\xampp\htdocs\wordpress-project\wordpress\wp-content\themes\Storefront-child\woocommerce\checkout\form-checkout.php(61): do_action('woocommerce_che...')
#4 C:\xampp\htdocs\wordpress-project\wordpress\wp-content\plugins\woocommerce\includes\wc-core-functions.php(345): include('C:\\xampp\\htdocs...')
#5 C:\xampp\htdocs\wordpress-project\wordpress\wp-content\plugins\woocommerce\includes\shortcodes\class-wc-shortcode-checkout.php(361): wc_get_template('checkout/form-c...', Array)
#6 C:\xampp\htdocs\wordpress-project\wordpress\wp-content\plugins\woocommerce\includes\shortcodes\class-wc-shortcode-checkout.php(67): WC_Shortcode_Checkout::checkout()
#7 C:\xampp\htdocs\wordpress-project\wordpress\wp-content\plugins\woocommerce\includes\class-wc-shortcodes.php(72): WC_Shortcode_Checkout::output(Array)
#8 C:\xampp\htdocs\wordpress-project\wordpress\wp-content\plugins\woocommerce\includes\class-wc-shortcodes.php(95): WC_Shortcodes::shortcode_wrapper(Array, Array)
#9 C:\xampp\htdocs\wordpress-project\wordpress\wp-includes\shortcodes.php(434): WC_Shortcodes::checkout(Array, '', 'woocommerce_che...')
#10 [internal function]: do_shortcode_tag(Array)
#11 C:\xampp\htdocs\wordpress-project\wordpress\wp-includes\shortcodes.php(273): preg_replace_callback('/\\[(\\[?)(woocom...', 'do_shortcode_ta...', '[woocommerce_ch...')
#12 C:\xampp\htdocs\wordpress-project\wordpress\wp-includes\class-wp-hook.php(324): do_shortcode('[woocommerce_ch...')
#13 C:\xampp\htdocs\wordpress-project\wordpress\wp-includes\plugin.php(205): WP_Hook->apply_filters('[woocommerce_ch...', Array)
#14 C:\xampp\htdocs\wordpress-project\wordpress\wp-includes\post-template.php(256): apply_filters('the_content', '<!-- wp:shortco...')
#15 C:\xampp\htdocs\wordpress-project\wordpress\wp-content\themes\storefront\inc\storefront-template-functions.php(352): the_content()
#16 C:\xampp\htdocs\wordpress-project\wordpress\wp-includes\class-wp-hook.php(324): storefront_page_content('')
#17 C:\xampp\htdocs\wordpress-project\wordpress\wp-includes\class-wp-hook.php(348): WP_Hook->apply_filters(NULL, Array)
#18 C:\xampp\htdocs\wordpress-project\wordpress\wp-includes\plugin.php(517): WP_Hook->do_action(Array)
#19 C:\xampp\htdocs\wordpress-project\wordpress\wp-content\themes\storefront\content-page.php(18): do_action('storefront_page')
#20 C:\xampp\htdocs\wordpress-project\wordpress\wp-includes\template.php(812): require('C:\\xampp\\htdocs...')
#21 C:\xampp\htdocs\wordpress-project\wordpress\wp-includes\template.php(745): load_template('C:\\xampp\\htdocs...', false, Array)
#22 C:\xampp\htdocs\wordpress-project\wordpress\wp-includes\general-template.php(206): locate_template(Array, true, false, Array)
#23 C:\xampp\htdocs\wordpress-project\wordpress\wp-content\themes\storefront\page.php(24): get_template_part('content', 'page')
#24 C:\xampp\htdocs\wordpress-project\wordpress\wp-includes\template-loader.php(106): include('C:\\xampp\\htdocs...')
#25 C:\xampp\htdocs\wordpress-project\wordpress\wp-blog-header.php(19): require_once('C:\\xampp\\htdocs...')
#26 C:\xampp\htdocs\wordpress-project\wordpress\index.php(17): require('C:\\xampp\\htdocs...')
#27 {main}
  thrown in C:\xampp\htdocs\wordpress-project\wordpress\wp-content\themes\Storefront-child\functions.php on line 100

2024-11-09T06:30:25+00:00 CRITICAL Uncaught TypeError: call_user_func_array(): Argument #1 ($callback) must be a valid callback, function "add_quantity_input_to_checkout_order_review" not found or invalid function name in C:\xampp\htdocs\wordpress-project\wordpress\wp-includes\class-wp-hook.php:324
Stack trace:
#0 C:\xampp\htdocs\wordpress-project\wordpress\wp-includes\class-wp-hook.php(348): WP_Hook->apply_filters(NULL, Array)
#1 C:\xampp\htdocs\wordpress-project\wordpress\wp-includes\plugin.php(517): WP_Hook->do_action(Array)
#2 C:\xampp\htdocs\wordpress-project\wordpress\wp-content\themes\Storefront-child\woocommerce\checkout\form-checkout.php(46): do_action('woocommerce_che...')
#3 C:\xampp\htdocs\wordpress-project\wordpress\wp-content\plugins\woocommerce\includes\wc-core-functions.php(345): include('C:\\xampp\\htdocs...')
#4 C:\xampp\htdocs\wordpress-project\wordpress\wp-content\plugins\woocommerce\includes\shortcodes\class-wc-shortcode-checkout.php(361): wc_get_template('checkout/form-c...', Array)
#5 C:\xampp\htdocs\wordpress-project\wordpress\wp-content\plugins\woocommerce\includes\shortcodes\class-wc-shortcode-checkout.php(67): WC_Shortcode_Checkout::checkout()
#6 C:\xampp\htdocs\wordpress-project\wordpress\wp-content\plugins\woocommerce\includes\class-wc-shortcodes.php(72): WC_Shortcode_Checkout::output(Array)
#7 C:\xampp\htdocs\wordpress-project\wordpress\wp-content\plugins\woocommerce\includes\class-wc-shortcodes.php(95): WC_Shortcodes::shortcode_wrapper(Array, Array)
#8 C:\xampp\htdocs\wordpress-project\wordpress\wp-includes\shortcodes.php(434): WC_Shortcodes::checkout(Array, '', 'woocommerce_che...')
#9 [internal function]: do_shortcode_tag(Array)
#10 C:\xampp\htdocs\wordpress-project\wordpress\wp-includes\shortcodes.php(273): preg_replace_callback('/\\[(\\[?)(woocom...', 'do_shortcode_ta...', '[woocommerce_ch...')
#11 C:\xampp\htdocs\wordpress-project\wordpress\wp-includes\class-wp-hook.php(324): do_shortcode('[woocommerce_ch...')
#12 C:\xampp\htdocs\wordpress-project\wordpress\wp-includes\plugin.php(205): WP_Hook->apply_filters('[woocommerce_ch...', Array)
#13 C:\xampp\htdocs\wordpress-project\wordpress\wp-includes\post-template.php(256): apply_filters('the_content', '<!-- wp:shortco...')
#14 C:\xampp\htdocs\wordpress-project\wordpress\wp-content\themes\storefront\inc\storefront-template-functions.php(352): the_content()
#15 C:\xampp\htdocs\wordpress-project\wordpress\wp-includes\class-wp-hook.php(324): storefront_page_content('')
#16 C:\xampp\htdocs\wordpress-project\wordpress\wp-includes\class-wp-hook.php(348): WP_Hook->apply_filters(NULL, Array)
#17 C:\xampp\htdocs\wordpress-project\wordpress\wp-includes\plugin.php(517): WP_Hook->do_action(Array)
#18 C:\xampp\htdocs\wordpress-project\wordpress\wp-content\themes\storefront\content-page.php(18): do_action('storefront_page')
#19 C:\xampp\htdocs\wordpress-project\wordpress\wp-includes\template.php(812): require('C:\\xampp\\htdocs...')
#20 C:\xampp\htdocs\wordpress-project\wordpress\wp-includes\template.php(745): load_template('C:\\xampp\\htdocs...', false, Array)
#21 C:\xampp\htdocs\wordpress-project\wordpress\wp-includes\general-template.php(206): locate_template(Array, true, false, Array)
#22 C:\xampp\htdocs\wordpress-project\wordpress\wp-content\themes\storefront\page.php(24): get_template_part('content', 'page')
#23 C:\xampp\htdocs\wordpress-project\wordpress\wp-includes\template-loader.php(106): include('C:\\xampp\\htdocs...')
#24 C:\xampp\htdocs\wordpress-project\wordpress\wp-blog-header.php(19): require_once('C:\\xampp\\htdocs...')
#25 C:\xampp\htdocs\wordpress-project\wordpress\index.php(17): require('C:\\xampp\\htdocs...')
#26 {main}
  thrown in C:\xampp\htdocs\wordpress-project\wordpress\wp-includes\class-wp-hook.php on line 324

2024-11-09T07:09:27+00:00 CRITICAL Unclosed '{' on line 107 in C:\xampp\htdocs\wordpress-project\wordpress\wp-content\themes\Storefront-child\functions.php on line 113

2024-11-09T07:09:49+00:00 CRITICAL Unclosed '{' on line 107 in C:\xampp\htdocs\wordpress-project\wordpress\wp-content\themes\Storefront-child\functions.php on line 113

